{"C:\\Users\\Z390\\Desktop\\npm\\yl-fn\\src\\index.js": {"path":"C:\\Users\\Z390\\Desktop\\npm\\yl-fn\\src\\index.js","statementMap":{"0":{"start":{"line":7,"column":31},"end":{"line":14,"column":1}},"1":{"start":{"line":8,"column":2},"end":{"line":8,"column":26}},"2":{"start":{"line":9,"column":2},"end":{"line":9,"column":19}},"3":{"start":{"line":9,"column":13},"end":{"line":9,"column":19}},"4":{"start":{"line":10,"column":2},"end":{"line":12,"column":3}},"5":{"start":{"line":11,"column":4},"end":{"line":11,"column":37}},"6":{"start":{"line":13,"column":2},"end":{"line":13,"column":44}},"7":{"start":{"line":19,"column":31},"end":{"line":29,"column":1}},"8":{"start":{"line":20,"column":2},"end":{"line":20,"column":26}},"9":{"start":{"line":21,"column":2},"end":{"line":21,"column":19}},"10":{"start":{"line":21,"column":13},"end":{"line":21,"column":19}},"11":{"start":{"line":22,"column":18},"end":{"line":22,"column":51}},"12":{"start":{"line":23,"column":2},"end":{"line":28,"column":3}},"13":{"start":{"line":24,"column":24},"end":{"line":24,"column":45}},"14":{"start":{"line":25,"column":4},"end":{"line":25,"column":24}},"15":{"start":{"line":27,"column":4},"end":{"line":27,"column":20}},"16":{"start":{"line":34,"column":34},"end":{"line":38,"column":1}},"17":{"start":{"line":35,"column":2},"end":{"line":35,"column":21}},"18":{"start":{"line":36,"column":2},"end":{"line":36,"column":19}},"19":{"start":{"line":36,"column":13},"end":{"line":36,"column":19}},"20":{"start":{"line":37,"column":2},"end":{"line":37,"column":38}},"21":{"start":{"line":40,"column":37},"end":{"line":48,"column":1}},"22":{"start":{"line":41,"column":13},"end":{"line":41,"column":17}},"23":{"start":{"line":42,"column":2},"end":{"line":47,"column":3}},"24":{"start":{"line":43,"column":4},"end":{"line":43,"column":41}},"25":{"start":{"line":43,"column":35},"end":{"line":43,"column":41}},"26":{"start":{"line":44,"column":4},"end":{"line":46,"column":5}},"27":{"start":{"line":45,"column":6},"end":{"line":45,"column":41}}},"fnMap":{"0":{"name":"(anonymous_0)","decl":{"start":{"line":7,"column":31},"end":{"line":7,"column":32}},"loc":{"start":{"line":7,"column":56},"end":{"line":14,"column":1}},"line":7},"1":{"name":"(anonymous_1)","decl":{"start":{"line":19,"column":31},"end":{"line":19,"column":32}},"loc":{"start":{"line":19,"column":41},"end":{"line":29,"column":1}},"line":19},"2":{"name":"(anonymous_2)","decl":{"start":{"line":34,"column":34},"end":{"line":34,"column":35}},"loc":{"start":{"line":34,"column":44},"end":{"line":38,"column":1}},"line":34},"3":{"name":"(anonymous_3)","decl":{"start":{"line":40,"column":37},"end":{"line":40,"column":38}},"loc":{"start":{"line":40,"column":43},"end":{"line":48,"column":1}},"line":40}},"branchMap":{"0":{"loc":{"start":{"line":9,"column":2},"end":{"line":9,"column":19}},"type":"if","locations":[{"start":{"line":9,"column":2},"end":{"line":9,"column":19}},{"start":{"line":9,"column":2},"end":{"line":9,"column":19}}],"line":9},"1":{"loc":{"start":{"line":10,"column":2},"end":{"line":12,"column":3}},"type":"if","locations":[{"start":{"line":10,"column":2},"end":{"line":12,"column":3}},{"start":{"line":10,"column":2},"end":{"line":12,"column":3}}],"line":10},"2":{"loc":{"start":{"line":21,"column":2},"end":{"line":21,"column":19}},"type":"if","locations":[{"start":{"line":21,"column":2},"end":{"line":21,"column":19}},{"start":{"line":21,"column":2},"end":{"line":21,"column":19}}],"line":21},"3":{"loc":{"start":{"line":36,"column":2},"end":{"line":36,"column":19}},"type":"if","locations":[{"start":{"line":36,"column":2},"end":{"line":36,"column":19}},{"start":{"line":36,"column":2},"end":{"line":36,"column":19}}],"line":36},"4":{"loc":{"start":{"line":43,"column":4},"end":{"line":43,"column":41}},"type":"if","locations":[{"start":{"line":43,"column":4},"end":{"line":43,"column":41}},{"start":{"line":43,"column":4},"end":{"line":43,"column":41}}],"line":43},"5":{"loc":{"start":{"line":44,"column":4},"end":{"line":46,"column":5}},"type":"if","locations":[{"start":{"line":44,"column":4},"end":{"line":46,"column":5}},{"start":{"line":44,"column":4},"end":{"line":46,"column":5}}],"line":44}},"s":{"0":1,"1":1,"2":1,"3":0,"4":1,"5":0,"6":1,"7":1,"8":1,"9":1,"10":0,"11":1,"12":1,"13":1,"14":0,"15":1,"16":1,"17":0,"18":0,"19":0,"20":0,"21":1,"22":0,"23":0,"24":0,"25":0,"26":0,"27":0},"f":{"0":1,"1":1,"2":0,"3":0},"b":{"0":[0,1],"1":[0,1],"2":[0,1],"3":[0,0],"4":[0,0],"5":[0,0]},"_coverageSchema":"1a1c01bbd47fc00a2c39e90264f33305004495a9","hash":"8433af58ba5298e3cf2cd4498ba8db8757c71bd8"}
}
