TN:
SF:src\index.js
FN:7,(anonymous_0)
FN:19,(anonymous_1)
FN:34,(anonymous_2)
FN:40,(anonymous_3)
FNF:4
FNH:2
FNDA:1,(anonymous_0)
FNDA:1,(anonymous_1)
FNDA:0,(anonymous_2)
FNDA:0,(anonymous_3)
DA:7,1
DA:8,1
DA:9,1
DA:10,1
DA:11,0
DA:13,1
DA:19,1
DA:20,1
DA:21,1
DA:22,1
DA:23,1
DA:24,1
DA:25,0
DA:27,1
DA:34,1
DA:35,0
DA:36,0
DA:37,0
DA:40,1
DA:41,0
DA:42,0
DA:43,0
DA:44,0
DA:45,0
LF:24
LH:14
BRDA:9,0,0,0
BRDA:9,0,1,1
BRDA:10,1,0,0
BRDA:10,1,1,1
BRDA:21,2,0,0
BRDA:21,2,1,1
BRDA:36,3,0,0
BRDA:36,3,1,0
BRDA:43,4,0,0
BRDA:43,4,1,0
BRDA:44,5,0,0
BRDA:44,5,1,0
BRF:12
BRH:3
end_of_record
